<?xml version="1.0" encoding="UTF-8"?>
<testsuite xmlns:xsi="http://www.w3.org/2001/XMLSchema-instance" xsi:noNamespaceSchemaLocation="https://maven.apache.org/surefire/maven-surefire-plugin/xsd/surefire-test-report.xsd" name="cn.hups.HupsApplicationTests" time="15.703" tests="1" errors="0" skipped="0" failures="0">
  <properties>
    <property name="sun.desktop" value="windows"/>
    <property name="awt.toolkit" value="sun.awt.windows.WToolkit"/>
    <property name="file.encoding.pkg" value="sun.io"/>
    <property name="java.specification.version" value="1.8"/>
    <property name="sun.cpu.isalist" value="amd64"/>
    <property name="sun.jnu.encoding" value="GBK"/>
    <property name="java.class.path" value="F:\homework\actFerp-master\admin\target\test-classes;F:\homework\actFerp-master\admin\target\classes;D:\maven\maven-repository\org\springframework\boot\spring-boot-starter-web\2.0.8.RELEASE\spring-boot-starter-web-2.0.8.RELEASE.jar;D:\maven\maven-repository\org\springframework\boot\spring-boot-starter\2.0.8.RELEASE\spring-boot-starter-2.0.8.RELEASE.jar;D:\maven\maven-repository\org\springframework\boot\spring-boot\2.0.8.RELEASE\spring-boot-2.0.8.RELEASE.jar;D:\maven\maven-repository\org\springframework\boot\spring-boot-autoconfigure\2.0.8.RELEASE\spring-boot-autoconfigure-2.0.8.RELEASE.jar;D:\maven\maven-repository\org\springframework\boot\spring-boot-starter-json\2.0.8.RELEASE\spring-boot-starter-json-2.0.8.RELEASE.jar;D:\maven\maven-repository\com\fasterxml\jackson\datatype\jackson-datatype-jdk8\2.9.8\jackson-datatype-jdk8-2.9.8.jar;D:\maven\maven-repository\com\fasterxml\jackson\datatype\jackson-datatype-jsr310\2.9.8\jackson-datatype-jsr310-2.9.8.jar;D:\maven\maven-repository\com\fasterxml\jackson\module\jackson-module-parameter-names\2.9.8\jackson-module-parameter-names-2.9.8.jar;D:\maven\maven-repository\org\hibernate\validator\hibernate-validator\6.0.14.Final\hibernate-validator-6.0.14.Final.jar;D:\maven\maven-repository\javax\validation\validation-api\2.0.1.Final\validation-api-2.0.1.Final.jar;D:\maven\maven-repository\org\jboss\logging\jboss-logging\3.3.2.Final\jboss-logging-3.3.2.Final.jar;D:\maven\maven-repository\com\fasterxml\classmate\1.3.4\classmate-1.3.4.jar;D:\maven\maven-repository\org\springframework\spring-web\5.0.12.RELEASE\spring-web-5.0.12.RELEASE.jar;D:\maven\maven-repository\org\springframework\spring-beans\5.0.12.RELEASE\spring-beans-5.0.12.RELEASE.jar;D:\maven\maven-repository\org\springframework\spring-webmvc\5.0.12.RELEASE\spring-webmvc-5.0.12.RELEASE.jar;D:\maven\maven-repository\org\springframework\spring-context\5.0.12.RELEASE\spring-context-5.0.12.RELEASE.jar;D:\maven\maven-repository\org\springframework\spring-expression\5.0.12.RELEASE\spring-expression-5.0.12.RELEASE.jar;D:\maven\maven-repository\org\mybatis\spring\boot\mybatis-spring-boot-starter\1.3.0\mybatis-spring-boot-starter-1.3.0.jar;D:\maven\maven-repository\org\springframework\boot\spring-boot-starter-jdbc\2.0.8.RELEASE\spring-boot-starter-jdbc-2.0.8.RELEASE.jar;D:\maven\maven-repository\com\zaxxer\HikariCP\2.7.9\HikariCP-2.7.9.jar;D:\maven\maven-repository\org\springframework\spring-jdbc\5.0.12.RELEASE\spring-jdbc-5.0.12.RELEASE.jar;D:\maven\maven-repository\org\mybatis\spring\boot\mybatis-spring-boot-autoconfigure\1.3.0\mybatis-spring-boot-autoconfigure-1.3.0.jar;D:\maven\maven-repository\org\mybatis\mybatis\3.4.4\mybatis-3.4.4.jar;D:\maven\maven-repository\org\mybatis\mybatis-spring\1.3.1\mybatis-spring-1.3.1.jar;D:\maven\maven-repository\org\springframework\boot\spring-boot-starter-test\2.0.8.RELEASE\spring-boot-starter-test-2.0.8.RELEASE.jar;D:\maven\maven-repository\org\springframework\boot\spring-boot-test\2.0.8.RELEASE\spring-boot-test-2.0.8.RELEASE.jar;D:\maven\maven-repository\org\springframework\boot\spring-boot-test-autoconfigure\2.0.8.RELEASE\spring-boot-test-autoconfigure-2.0.8.RELEASE.jar;D:\maven\maven-repository\com\jayway\jsonpath\json-path\2.4.0\json-path-2.4.0.jar;D:\maven\maven-repository\net\minidev\json-smart\2.3\json-smart-2.3.jar;D:\maven\maven-repository\net\minidev\accessors-smart\1.2\accessors-smart-1.2.jar;D:\maven\maven-repository\org\ow2\asm\asm\5.0.4\asm-5.0.4.jar;D:\maven\maven-repository\junit\junit\4.12\junit-4.12.jar;D:\maven\maven-repository\org\assertj\assertj-core\3.9.1\assertj-core-3.9.1.jar;D:\maven\maven-repository\org\mockito\mockito-core\2.15.0\mockito-core-2.15.0.jar;D:\maven\maven-repository\net\bytebuddy\byte-buddy\1.7.11\byte-buddy-1.7.11.jar;D:\maven\maven-repository\net\bytebuddy\byte-buddy-agent\1.7.11\byte-buddy-agent-1.7.11.jar;D:\maven\maven-repository\org\objenesis\objenesis\2.6\objenesis-2.6.jar;D:\maven\maven-repository\org\hamcrest\hamcrest-core\1.3\hamcrest-core-1.3.jar;D:\maven\maven-repository\org\hamcrest\hamcrest-library\1.3\hamcrest-library-1.3.jar;D:\maven\maven-repository\org\skyscreamer\jsonassert\1.5.0\jsonassert-1.5.0.jar;D:\maven\maven-repository\com\vaadin\external\google\android-json\0.0.20131108.vaadin1\android-json-0.0.20131108.vaadin1.jar;D:\maven\maven-repository\org\springframework\spring-core\5.0.12.RELEASE\spring-core-5.0.12.RELEASE.jar;D:\maven\maven-repository\org\springframework\spring-jcl\5.0.12.RELEASE\spring-jcl-5.0.12.RELEASE.jar;D:\maven\maven-repository\org\springframework\spring-test\5.0.12.RELEASE\spring-test-5.0.12.RELEASE.jar;D:\maven\maven-repository\org\xmlunit\xmlunit-core\2.5.1\xmlunit-core-2.5.1.jar;D:\maven\maven-repository\mysql\mysql-connector-java\5.1.47\mysql-connector-java-5.1.47.jar;D:\maven\maven-repository\com\alibaba\druid\1.1.12\druid-1.1.12.jar;D:\maven\maven-repository\com\github\pagehelper\pagehelper-spring-boot-starter\1.2.10\pagehelper-spring-boot-starter-1.2.10.jar;D:\maven\maven-repository\com\github\pagehelper\pagehelper-spring-boot-autoconfigure\1.2.10\pagehelper-spring-boot-autoconfigure-1.2.10.jar;D:\maven\maven-repository\com\github\pagehelper\pagehelper\5.1.8\pagehelper-5.1.8.jar;D:\maven\maven-repository\com\github\jsqlparser\jsqlparser\1.2\jsqlparser-1.2.jar;D:\maven\maven-repository\org\springframework\boot\spring-boot-starter-aop\2.0.8.RELEASE\spring-boot-starter-aop-2.0.8.RELEASE.jar;D:\maven\maven-repository\org\springframework\spring-aop\5.0.12.RELEASE\spring-aop-5.0.12.RELEASE.jar;D:\maven\maven-repository\org\aspectj\aspectjweaver\1.8.13\aspectjweaver-1.8.13.jar;D:\maven\maven-repository\org\springframework\boot\spring-boot-starter-tomcat\2.0.8.RELEASE\spring-boot-starter-tomcat-2.0.8.RELEASE.jar;D:\maven\maven-repository\javax\annotation\javax.annotation-api\1.3.2\javax.annotation-api-1.3.2.jar;D:\maven\maven-repository\org\apache\tomcat\embed\tomcat-embed-core\8.5.37\tomcat-embed-core-8.5.37.jar;D:\maven\maven-repository\org\apache\tomcat\embed\tomcat-embed-el\8.5.37\tomcat-embed-el-8.5.37.jar;D:\maven\maven-repository\org\apache\tomcat\embed\tomcat-embed-websocket\8.5.37\tomcat-embed-websocket-8.5.37.jar;D:\maven\maven-repository\com\alibaba\fastjson\1.1.41\fastjson-1.1.41.jar;D:\maven\maven-repository\org\apache\shiro\shiro-spring\1.3.2\shiro-spring-1.3.2.jar;D:\maven\maven-repository\org\apache\shiro\shiro-core\1.3.2\shiro-core-1.3.2.jar;D:\maven\maven-repository\commons-beanutils\commons-beanutils\1.8.3\commons-beanutils-1.8.3.jar;D:\maven\maven-repository\org\apache\shiro\shiro-web\1.3.2\shiro-web-1.3.2.jar;D:\maven\maven-repository\org\flowable\flowable-spring-boot-starter-process\6.4.1\flowable-spring-boot-starter-process-6.4.1.jar;D:\maven\maven-repository\org\flowable\flowable-spring-boot-autoconfigure\6.4.1\flowable-spring-boot-autoconfigure-6.4.1.jar;D:\maven\maven-repository\org\flowable\flowable-spring-security\6.4.1\flowable-spring-security-6.4.1.jar;D:\maven\maven-repository\org\flowable\flowable-engine\6.4.1\flowable-engine-6.4.1.jar;D:\maven\maven-repository\org\flowable\flowable-image-generator\6.4.1\flowable-image-generator-6.4.1.jar;D:\maven\maven-repository\org\flowable\flowable-engine-common-api\6.4.1\flowable-engine-common-api-6.4.1.jar;D:\maven\maven-repository\org\flowable\flowable-engine-common\6.4.1\flowable-engine-common-6.4.1.jar;D:\maven\maven-repository\org\flowable\flowable-variable-service-api\6.4.1\flowable-variable-service-api-6.4.1.jar;D:\maven\maven-repository\org\flowable\flowable-variable-service\6.4.1\flowable-variable-service-6.4.1.jar;D:\maven\maven-repository\org\flowable\flowable-identitylink-service\6.4.1\flowable-identitylink-service-6.4.1.jar;D:\maven\maven-repository\org\flowable\flowable-identitylink-service-api\6.4.1\flowable-identitylink-service-api-6.4.1.jar;D:\maven\maven-repository\org\flowable\flowable-entitylink-service\6.4.1\flowable-entitylink-service-6.4.1.jar;D:\maven\maven-repository\org\flowable\flowable-entitylink-service-api\6.4.1\flowable-entitylink-service-api-6.4.1.jar;D:\maven\maven-repository\org\flowable\flowable-task-service\6.4.1\flowable-task-service-6.4.1.jar;D:\maven\maven-repository\org\flowable\flowable-task-service-api\6.4.1\flowable-task-service-api-6.4.1.jar;D:\maven\maven-repository\org\flowable\flowable-job-service\6.4.1\flowable-job-service-6.4.1.jar;D:\maven\maven-repository\org\flowable\flowable-job-service-api\6.4.1\flowable-job-service-api-6.4.1.jar;D:\maven\maven-repository\org\flowable\flowable-idm-engine\6.4.1\flowable-idm-engine-6.4.1.jar;D:\maven\maven-repository\commons-logging\commons-logging\1.2\commons-logging-1.2.jar;D:\maven\maven-repository\com\fasterxml\uuid\java-uuid-generator\3.1.5\java-uuid-generator-3.1.5.jar;D:\maven\maven-repository\org\flowable\flowable-idm-engine-configurator\6.4.1\flowable-idm-engine-configurator-6.4.1.jar;D:\maven\maven-repository\org\flowable\flowable-cmmn-api\6.4.1\flowable-cmmn-api-6.4.1.jar;D:\maven\maven-repository\org\flowable\flowable-dmn-api\6.4.1\flowable-dmn-api-6.4.1.jar;D:\maven\maven-repository\org\flowable\flowable-form-api\6.4.1\flowable-form-api-6.4.1.jar;D:\maven\maven-repository\org\flowable\flowable-content-api\6.4.1\flowable-content-api-6.4.1.jar;D:\maven\maven-repository\org\apache\commons\commons-email\1.5\commons-email-1.5.jar;D:\maven\maven-repository\com\sun\mail\javax.mail\1.6.2\javax.mail-1.6.2.jar;D:\maven\maven-repository\javax\activation\activation\1.1\activation-1.1.jar;D:\maven\maven-repository\org\slf4j\jcl-over-slf4j\1.7.25\jcl-over-slf4j-1.7.25.jar;D:\maven\maven-repository\org\flowable\flowable-spring\6.4.1\flowable-spring-6.4.1.jar;D:\maven\maven-repository\org\flowable\flowable-spring-common\6.4.1\flowable-spring-common-6.4.1.jar;D:\maven\maven-repository\org\flowable\flowable-job-spring-service\6.4.1\flowable-job-spring-service-6.4.1.jar;D:\maven\maven-repository\org\springframework\spring-tx\5.0.12.RELEASE\spring-tx-5.0.12.RELEASE.jar;D:\maven\maven-repository\org\springframework\spring-orm\5.0.12.RELEASE\spring-orm-5.0.12.RELEASE.jar;D:\maven\maven-repository\org\flowable\flowable-ui-modeler-rest\6.4.1\flowable-ui-modeler-rest-6.4.1.jar;D:\maven\maven-repository\org\flowable\flowable-ui-modeler-logic\6.4.1\flowable-ui-modeler-logic-6.4.1.jar;D:\maven\maven-repository\org\flowable\flowable-ui-common\6.4.1\flowable-ui-common-6.4.1.jar;D:\maven\maven-repository\org\springframework\boot\spring-boot-starter-log4j2\2.0.8.RELEASE\spring-boot-starter-log4j2-2.0.8.RELEASE.jar;D:\maven\maven-repository\org\apache\logging\log4j\log4j-slf4j-impl\2.10.0\log4j-slf4j-impl-2.10.0.jar;D:\maven\maven-repository\org\apache\logging\log4j\log4j-api\2.10.0\log4j-api-2.10.0.jar;D:\maven\maven-repository\org\apache\logging\log4j\log4j-core\2.10.0\log4j-core-2.10.0.jar;D:\maven\maven-repository\org\apache\logging\log4j\log4j-jul\2.10.0\log4j-jul-2.10.0.jar;D:\maven\maven-repository\org\slf4j\jul-to-slf4j\1.7.25\jul-to-slf4j-1.7.25.jar;D:\maven\maven-repository\org\flowable\flowable-cmmn-model\6.4.1\flowable-cmmn-model-6.4.1.jar;D:\maven\maven-repository\org\flowable\flowable-cmmn-converter\6.4.1\flowable-cmmn-converter-6.4.1.jar;D:\maven\maven-repository\org\flowable\flowable-cmmn-json-converter\6.4.1\flowable-cmmn-json-converter-6.4.1.jar;D:\maven\maven-repository\org\flowable\flowable-cmmn-image-generator\6.4.1\flowable-cmmn-image-generator-6.4.1.jar;D:\maven\maven-repository\org\flowable\flowable-dmn-xml-converter\6.4.1\flowable-dmn-xml-converter-6.4.1.jar;D:\maven\maven-repository\org\flowable\flowable-dmn-json-converter\6.4.1\flowable-dmn-json-converter-6.4.1.jar;D:\maven\maven-repository\org\flowable\flowable-form-json-converter\6.4.1\flowable-form-json-converter-6.4.1.jar;D:\maven\maven-repository\commons-collections\commons-collections\3.2.2\commons-collections-3.2.2.jar;D:\maven\maven-repository\org\apache\httpcomponents\httpmime\4.5.6\httpmime-4.5.6.jar;D:\maven\maven-repository\org\springframework\spring-context-support\5.0.12.RELEASE\spring-context-support-5.0.12.RELEASE.jar;D:\maven\maven-repository\org\springframework\security\spring-security-core\5.0.11.RELEASE\spring-security-core-5.0.11.RELEASE.jar;D:\maven\maven-repository\org\springframework\security\spring-security-config\5.0.11.RELEASE\spring-security-config-5.0.11.RELEASE.jar;D:\maven\maven-repository\org\springframework\security\spring-security-crypto\5.0.11.RELEASE\spring-security-crypto-5.0.11.RELEASE.jar;D:\maven\maven-repository\org\springframework\security\spring-security-web\5.0.11.RELEASE\spring-security-web-5.0.11.RELEASE.jar;D:\maven\maven-repository\org\flowable\flowable-bpmn-model\6.4.1\flowable-bpmn-model-6.4.1.jar;D:\maven\maven-repository\org\flowable\flowable-bpmn-converter\6.4.1\flowable-bpmn-converter-6.4.1.jar;D:\maven\maven-repository\org\flowable\flowable-json-converter\6.4.1\flowable-json-converter-6.4.1.jar;D:\maven\maven-repository\org\flowable\flowable-bpmn-layout\6.4.1\flowable-bpmn-layout-6.4.1.jar;D:\maven\maven-repository\org\tinyjee\jgraphx\jgraphx\1.10.4.1\jgraphx-1.10.4.1.jar;D:\maven\maven-repository\org\flowable\flowable-process-validation\6.4.1\flowable-process-validation-6.4.1.jar;D:\maven\maven-repository\org\flowable\flowable-form-model\6.4.1\flowable-form-model-6.4.1.jar;D:\maven\maven-repository\org\flowable\flowable-dmn-model\6.4.1\flowable-dmn-model-6.4.1.jar;D:\maven\maven-repository\org\flowable\flowable-idm-api\6.4.1\flowable-idm-api-6.4.1.jar;D:\maven\maven-repository\org\slf4j\slf4j-api\1.7.25\slf4j-api-1.7.25.jar;D:\maven\maven-repository\com\fasterxml\jackson\core\jackson-core\2.9.8\jackson-core-2.9.8.jar;D:\maven\maven-repository\com\fasterxml\jackson\core\jackson-databind\2.9.8\jackson-databind-2.9.8.jar;D:\maven\maven-repository\com\fasterxml\jackson\core\jackson-annotations\2.9.0\jackson-annotations-2.9.0.jar;D:\maven\maven-repository\com\fasterxml\jackson\datatype\jackson-datatype-json-org\2.9.8\jackson-datatype-json-org-2.9.8.jar;D:\maven\maven-repository\org\json\json\20171018\json-20171018.jar;D:\maven\maven-repository\com\fasterxml\jackson\datatype\jackson-datatype-hppc\2.9.8\jackson-datatype-hppc-2.9.8.jar;D:\maven\maven-repository\com\carrotsearch\hppc\0.7.1\hppc-0.7.1.jar;D:\maven\maven-repository\com\fasterxml\jackson\datatype\jackson-datatype-joda\2.9.8\jackson-datatype-joda-2.9.8.jar;D:\maven\maven-repository\commons-io\commons-io\2.6\commons-io-2.6.jar;D:\maven\maven-repository\org\apache\commons\commons-lang3\3.7\commons-lang3-3.7.jar;D:\maven\maven-repository\com\google\guava\guava\27.0.1-jre\guava-27.0.1-jre.jar;D:\maven\maven-repository\com\google\guava\failureaccess\1.0.1\failureaccess-1.0.1.jar;D:\maven\maven-repository\com\google\guava\listenablefuture\9999.0-empty-to-avoid-conflict-with-guava\listenablefuture-9999.0-empty-to-avoid-conflict-with-guava.jar;D:\maven\maven-repository\com\google\code\findbugs\jsr305\3.0.2\jsr305-3.0.2.jar;D:\maven\maven-repository\org\checkerframework\checker-qual\2.5.2\checker-qual-2.5.2.jar;D:\maven\maven-repository\com\google\errorprone\error_prone_annotations\2.2.0\error_prone_annotations-2.2.0.jar;D:\maven\maven-repository\com\google\j2objc\j2objc-annotations\1.1\j2objc-annotations-1.1.jar;D:\maven\maven-repository\org\codehaus\mojo\animal-sniffer-annotations\1.17\animal-sniffer-annotations-1.17.jar;D:\maven\maven-repository\org\apache\httpcomponents\httpclient\4.5.6\httpclient-4.5.6.jar;D:\maven\maven-repository\org\apache\httpcomponents\httpcore\4.4.10\httpcore-4.4.10.jar;D:\maven\maven-repository\joda-time\joda-time\2.9.9\joda-time-2.9.9.jar;D:\maven\maven-repository\org\liquibase\liquibase-core\3.5.5\liquibase-core-3.5.5.jar;D:\maven\maven-repository\org\yaml\snakeyaml\1.19\snakeyaml-1.19.jar;D:\maven\maven-repository\org\apache\poi\poi\3.17\poi-3.17.jar;D:\maven\maven-repository\commons-codec\commons-codec\1.11\commons-codec-1.11.jar;D:\maven\maven-repository\org\apache\commons\commons-collections4\4.1\commons-collections4-4.1.jar;D:\maven\maven-repository\org\apache\poi\poi-ooxml\3.17\poi-ooxml-3.17.jar;D:\maven\maven-repository\com\github\virtuald\curvesapi\1.04\curvesapi-1.04.jar;D:\maven\maven-repository\org\apache\poi\poi-ooxml-schemas\3.17\poi-ooxml-schemas-3.17.jar;D:\maven\maven-repository\org\apache\xmlbeans\xmlbeans\2.6.0\xmlbeans-2.6.0.jar;D:\maven\maven-repository\stax\stax-api\1.0.1\stax-api-1.0.1.jar;D:\maven\maven-repository\org\apache\poi\poi-scratchpad\3.17\poi-scratchpad-3.17.jar;"/>
    <property name="java.vm.vendor" value="Oracle Corporation"/>
    <property name="sun.arch.data.model" value="64"/>
    <property name="user.variant" value=""/>
    <property name="java.vendor.url" value="http://java.oracle.com/"/>
    <property name="user.timezone" value=""/>
    <property name="java.vm.specification.version" value="1.8"/>
    <property name="os.name" value="Windows 10"/>
    <property name="user.country" value="CN"/>
    <property name="sun.java.launcher" value="SUN_STANDARD"/>
    <property name="sun.boot.library.path" value="C:\Program Files\Java\jdk1.8.0_131\jre\bin"/>
    <property name="sun.java.command" value="C:\Users\ADMINI~1\AppData\Local\Temp\surefire5830804634671310168\surefirebooter3964981106798467418.jar C:\Users\Administrator\AppData\Local\Temp\surefire5830804634671310168 2019-12-20T14-13-38_232-jvmRun1 surefire2834550824897580494tmp surefire_06747346648948160788tmp"/>
    <property name="surefire.test.class.path" value="F:\homework\actFerp-master\admin\target\test-classes;F:\homework\actFerp-master\admin\target\classes;D:\maven\maven-repository\org\springframework\boot\spring-boot-starter-web\2.0.8.RELEASE\spring-boot-starter-web-2.0.8.RELEASE.jar;D:\maven\maven-repository\org\springframework\boot\spring-boot-starter\2.0.8.RELEASE\spring-boot-starter-2.0.8.RELEASE.jar;D:\maven\maven-repository\org\springframework\boot\spring-boot\2.0.8.RELEASE\spring-boot-2.0.8.RELEASE.jar;D:\maven\maven-repository\org\springframework\boot\spring-boot-autoconfigure\2.0.8.RELEASE\spring-boot-autoconfigure-2.0.8.RELEASE.jar;D:\maven\maven-repository\org\springframework\boot\spring-boot-starter-json\2.0.8.RELEASE\spring-boot-starter-json-2.0.8.RELEASE.jar;D:\maven\maven-repository\com\fasterxml\jackson\datatype\jackson-datatype-jdk8\2.9.8\jackson-datatype-jdk8-2.9.8.jar;D:\maven\maven-repository\com\fasterxml\jackson\datatype\jackson-datatype-jsr310\2.9.8\jackson-datatype-jsr310-2.9.8.jar;D:\maven\maven-repository\com\fasterxml\jackson\module\jackson-module-parameter-names\2.9.8\jackson-module-parameter-names-2.9.8.jar;D:\maven\maven-repository\org\hibernate\validator\hibernate-validator\6.0.14.Final\hibernate-validator-6.0.14.Final.jar;D:\maven\maven-repository\javax\validation\validation-api\2.0.1.Final\validation-api-2.0.1.Final.jar;D:\maven\maven-repository\org\jboss\logging\jboss-logging\3.3.2.Final\jboss-logging-3.3.2.Final.jar;D:\maven\maven-repository\com\fasterxml\classmate\1.3.4\classmate-1.3.4.jar;D:\maven\maven-repository\org\springframework\spring-web\5.0.12.RELEASE\spring-web-5.0.12.RELEASE.jar;D:\maven\maven-repository\org\springframework\spring-beans\5.0.12.RELEASE\spring-beans-5.0.12.RELEASE.jar;D:\maven\maven-repository\org\springframework\spring-webmvc\5.0.12.RELEASE\spring-webmvc-5.0.12.RELEASE.jar;D:\maven\maven-repository\org\springframework\spring-context\5.0.12.RELEASE\spring-context-5.0.12.RELEASE.jar;D:\maven\maven-repository\org\springframework\spring-expression\5.0.12.RELEASE\spring-expression-5.0.12.RELEASE.jar;D:\maven\maven-repository\org\mybatis\spring\boot\mybatis-spring-boot-starter\1.3.0\mybatis-spring-boot-starter-1.3.0.jar;D:\maven\maven-repository\org\springframework\boot\spring-boot-starter-jdbc\2.0.8.RELEASE\spring-boot-starter-jdbc-2.0.8.RELEASE.jar;D:\maven\maven-repository\com\zaxxer\HikariCP\2.7.9\HikariCP-2.7.9.jar;D:\maven\maven-repository\org\springframework\spring-jdbc\5.0.12.RELEASE\spring-jdbc-5.0.12.RELEASE.jar;D:\maven\maven-repository\org\mybatis\spring\boot\mybatis-spring-boot-autoconfigure\1.3.0\mybatis-spring-boot-autoconfigure-1.3.0.jar;D:\maven\maven-repository\org\mybatis\mybatis\3.4.4\mybatis-3.4.4.jar;D:\maven\maven-repository\org\mybatis\mybatis-spring\1.3.1\mybatis-spring-1.3.1.jar;D:\maven\maven-repository\org\springframework\boot\spring-boot-starter-test\2.0.8.RELEASE\spring-boot-starter-test-2.0.8.RELEASE.jar;D:\maven\maven-repository\org\springframework\boot\spring-boot-test\2.0.8.RELEASE\spring-boot-test-2.0.8.RELEASE.jar;D:\maven\maven-repository\org\springframework\boot\spring-boot-test-autoconfigure\2.0.8.RELEASE\spring-boot-test-autoconfigure-2.0.8.RELEASE.jar;D:\maven\maven-repository\com\jayway\jsonpath\json-path\2.4.0\json-path-2.4.0.jar;D:\maven\maven-repository\net\minidev\json-smart\2.3\json-smart-2.3.jar;D:\maven\maven-repository\net\minidev\accessors-smart\1.2\accessors-smart-1.2.jar;D:\maven\maven-repository\org\ow2\asm\asm\5.0.4\asm-5.0.4.jar;D:\maven\maven-repository\junit\junit\4.12\junit-4.12.jar;D:\maven\maven-repository\org\assertj\assertj-core\3.9.1\assertj-core-3.9.1.jar;D:\maven\maven-repository\org\mockito\mockito-core\2.15.0\mockito-core-2.15.0.jar;D:\maven\maven-repository\net\bytebuddy\byte-buddy\1.7.11\byte-buddy-1.7.11.jar;D:\maven\maven-repository\net\bytebuddy\byte-buddy-agent\1.7.11\byte-buddy-agent-1.7.11.jar;D:\maven\maven-repository\org\objenesis\objenesis\2.6\objenesis-2.6.jar;D:\maven\maven-repository\org\hamcrest\hamcrest-core\1.3\hamcrest-core-1.3.jar;D:\maven\maven-repository\org\hamcrest\hamcrest-library\1.3\hamcrest-library-1.3.jar;D:\maven\maven-repository\org\skyscreamer\jsonassert\1.5.0\jsonassert-1.5.0.jar;D:\maven\maven-repository\com\vaadin\external\google\android-json\0.0.20131108.vaadin1\android-json-0.0.20131108.vaadin1.jar;D:\maven\maven-repository\org\springframework\spring-core\5.0.12.RELEASE\spring-core-5.0.12.RELEASE.jar;D:\maven\maven-repository\org\springframework\spring-jcl\5.0.12.RELEASE\spring-jcl-5.0.12.RELEASE.jar;D:\maven\maven-repository\org\springframework\spring-test\5.0.12.RELEASE\spring-test-5.0.12.RELEASE.jar;D:\maven\maven-repository\org\xmlunit\xmlunit-core\2.5.1\xmlunit-core-2.5.1.jar;D:\maven\maven-repository\mysql\mysql-connector-java\5.1.47\mysql-connector-java-5.1.47.jar;D:\maven\maven-repository\com\alibaba\druid\1.1.12\druid-1.1.12.jar;D:\maven\maven-repository\com\github\pagehelper\pagehelper-spring-boot-starter\1.2.10\pagehelper-spring-boot-starter-1.2.10.jar;D:\maven\maven-repository\com\github\pagehelper\pagehelper-spring-boot-autoconfigure\1.2.10\pagehelper-spring-boot-autoconfigure-1.2.10.jar;D:\maven\maven-repository\com\github\pagehelper\pagehelper\5.1.8\pagehelper-5.1.8.jar;D:\maven\maven-repository\com\github\jsqlparser\jsqlparser\1.2\jsqlparser-1.2.jar;D:\maven\maven-repository\org\springframework\boot\spring-boot-starter-aop\2.0.8.RELEASE\spring-boot-starter-aop-2.0.8.RELEASE.jar;D:\maven\maven-repository\org\springframework\spring-aop\5.0.12.RELEASE\spring-aop-5.0.12.RELEASE.jar;D:\maven\maven-repository\org\aspectj\aspectjweaver\1.8.13\aspectjweaver-1.8.13.jar;D:\maven\maven-repository\org\springframework\boot\spring-boot-starter-tomcat\2.0.8.RELEASE\spring-boot-starter-tomcat-2.0.8.RELEASE.jar;D:\maven\maven-repository\javax\annotation\javax.annotation-api\1.3.2\javax.annotation-api-1.3.2.jar;D:\maven\maven-repository\org\apache\tomcat\embed\tomcat-embed-core\8.5.37\tomcat-embed-core-8.5.37.jar;D:\maven\maven-repository\org\apache\tomcat\embed\tomcat-embed-el\8.5.37\tomcat-embed-el-8.5.37.jar;D:\maven\maven-repository\org\apache\tomcat\embed\tomcat-embed-websocket\8.5.37\tomcat-embed-websocket-8.5.37.jar;D:\maven\maven-repository\com\alibaba\fastjson\1.1.41\fastjson-1.1.41.jar;D:\maven\maven-repository\org\apache\shiro\shiro-spring\1.3.2\shiro-spring-1.3.2.jar;D:\maven\maven-repository\org\apache\shiro\shiro-core\1.3.2\shiro-core-1.3.2.jar;D:\maven\maven-repository\commons-beanutils\commons-beanutils\1.8.3\commons-beanutils-1.8.3.jar;D:\maven\maven-repository\org\apache\shiro\shiro-web\1.3.2\shiro-web-1.3.2.jar;D:\maven\maven-repository\org\flowable\flowable-spring-boot-starter-process\6.4.1\flowable-spring-boot-starter-process-6.4.1.jar;D:\maven\maven-repository\org\flowable\flowable-spring-boot-autoconfigure\6.4.1\flowable-spring-boot-autoconfigure-6.4.1.jar;D:\maven\maven-repository\org\flowable\flowable-spring-security\6.4.1\flowable-spring-security-6.4.1.jar;D:\maven\maven-repository\org\flowable\flowable-engine\6.4.1\flowable-engine-6.4.1.jar;D:\maven\maven-repository\org\flowable\flowable-image-generator\6.4.1\flowable-image-generator-6.4.1.jar;D:\maven\maven-repository\org\flowable\flowable-engine-common-api\6.4.1\flowable-engine-common-api-6.4.1.jar;D:\maven\maven-repository\org\flowable\flowable-engine-common\6.4.1\flowable-engine-common-6.4.1.jar;D:\maven\maven-repository\org\flowable\flowable-variable-service-api\6.4.1\flowable-variable-service-api-6.4.1.jar;D:\maven\maven-repository\org\flowable\flowable-variable-service\6.4.1\flowable-variable-service-6.4.1.jar;D:\maven\maven-repository\org\flowable\flowable-identitylink-service\6.4.1\flowable-identitylink-service-6.4.1.jar;D:\maven\maven-repository\org\flowable\flowable-identitylink-service-api\6.4.1\flowable-identitylink-service-api-6.4.1.jar;D:\maven\maven-repository\org\flowable\flowable-entitylink-service\6.4.1\flowable-entitylink-service-6.4.1.jar;D:\maven\maven-repository\org\flowable\flowable-entitylink-service-api\6.4.1\flowable-entitylink-service-api-6.4.1.jar;D:\maven\maven-repository\org\flowable\flowable-task-service\6.4.1\flowable-task-service-6.4.1.jar;D:\maven\maven-repository\org\flowable\flowable-task-service-api\6.4.1\flowable-task-service-api-6.4.1.jar;D:\maven\maven-repository\org\flowable\flowable-job-service\6.4.1\flowable-job-service-6.4.1.jar;D:\maven\maven-repository\org\flowable\flowable-job-service-api\6.4.1\flowable-job-service-api-6.4.1.jar;D:\maven\maven-repository\org\flowable\flowable-idm-engine\6.4.1\flowable-idm-engine-6.4.1.jar;D:\maven\maven-repository\commons-logging\commons-logging\1.2\commons-logging-1.2.jar;D:\maven\maven-repository\com\fasterxml\uuid\java-uuid-generator\3.1.5\java-uuid-generator-3.1.5.jar;D:\maven\maven-repository\org\flowable\flowable-idm-engine-configurator\6.4.1\flowable-idm-engine-configurator-6.4.1.jar;D:\maven\maven-repository\org\flowable\flowable-cmmn-api\6.4.1\flowable-cmmn-api-6.4.1.jar;D:\maven\maven-repository\org\flowable\flowable-dmn-api\6.4.1\flowable-dmn-api-6.4.1.jar;D:\maven\maven-repository\org\flowable\flowable-form-api\6.4.1\flowable-form-api-6.4.1.jar;D:\maven\maven-repository\org\flowable\flowable-content-api\6.4.1\flowable-content-api-6.4.1.jar;D:\maven\maven-repository\org\apache\commons\commons-email\1.5\commons-email-1.5.jar;D:\maven\maven-repository\com\sun\mail\javax.mail\1.6.2\javax.mail-1.6.2.jar;D:\maven\maven-repository\javax\activation\activation\1.1\activation-1.1.jar;D:\maven\maven-repository\org\slf4j\jcl-over-slf4j\1.7.25\jcl-over-slf4j-1.7.25.jar;D:\maven\maven-repository\org\flowable\flowable-spring\6.4.1\flowable-spring-6.4.1.jar;D:\maven\maven-repository\org\flowable\flowable-spring-common\6.4.1\flowable-spring-common-6.4.1.jar;D:\maven\maven-repository\org\flowable\flowable-job-spring-service\6.4.1\flowable-job-spring-service-6.4.1.jar;D:\maven\maven-repository\org\springframework\spring-tx\5.0.12.RELEASE\spring-tx-5.0.12.RELEASE.jar;D:\maven\maven-repository\org\springframework\spring-orm\5.0.12.RELEASE\spring-orm-5.0.12.RELEASE.jar;D:\maven\maven-repository\org\flowable\flowable-ui-modeler-rest\6.4.1\flowable-ui-modeler-rest-6.4.1.jar;D:\maven\maven-repository\org\flowable\flowable-ui-modeler-logic\6.4.1\flowable-ui-modeler-logic-6.4.1.jar;D:\maven\maven-repository\org\flowable\flowable-ui-common\6.4.1\flowable-ui-common-6.4.1.jar;D:\maven\maven-repository\org\springframework\boot\spring-boot-starter-log4j2\2.0.8.RELEASE\spring-boot-starter-log4j2-2.0.8.RELEASE.jar;D:\maven\maven-repository\org\apache\logging\log4j\log4j-slf4j-impl\2.10.0\log4j-slf4j-impl-2.10.0.jar;D:\maven\maven-repository\org\apache\logging\log4j\log4j-api\2.10.0\log4j-api-2.10.0.jar;D:\maven\maven-repository\org\apache\logging\log4j\log4j-core\2.10.0\log4j-core-2.10.0.jar;D:\maven\maven-repository\org\apache\logging\log4j\log4j-jul\2.10.0\log4j-jul-2.10.0.jar;D:\maven\maven-repository\org\slf4j\jul-to-slf4j\1.7.25\jul-to-slf4j-1.7.25.jar;D:\maven\maven-repository\org\flowable\flowable-cmmn-model\6.4.1\flowable-cmmn-model-6.4.1.jar;D:\maven\maven-repository\org\flowable\flowable-cmmn-converter\6.4.1\flowable-cmmn-converter-6.4.1.jar;D:\maven\maven-repository\org\flowable\flowable-cmmn-json-converter\6.4.1\flowable-cmmn-json-converter-6.4.1.jar;D:\maven\maven-repository\org\flowable\flowable-cmmn-image-generator\6.4.1\flowable-cmmn-image-generator-6.4.1.jar;D:\maven\maven-repository\org\flowable\flowable-dmn-xml-converter\6.4.1\flowable-dmn-xml-converter-6.4.1.jar;D:\maven\maven-repository\org\flowable\flowable-dmn-json-converter\6.4.1\flowable-dmn-json-converter-6.4.1.jar;D:\maven\maven-repository\org\flowable\flowable-form-json-converter\6.4.1\flowable-form-json-converter-6.4.1.jar;D:\maven\maven-repository\commons-collections\commons-collections\3.2.2\commons-collections-3.2.2.jar;D:\maven\maven-repository\org\apache\httpcomponents\httpmime\4.5.6\httpmime-4.5.6.jar;D:\maven\maven-repository\org\springframework\spring-context-support\5.0.12.RELEASE\spring-context-support-5.0.12.RELEASE.jar;D:\maven\maven-repository\org\springframework\security\spring-security-core\5.0.11.RELEASE\spring-security-core-5.0.11.RELEASE.jar;D:\maven\maven-repository\org\springframework\security\spring-security-config\5.0.11.RELEASE\spring-security-config-5.0.11.RELEASE.jar;D:\maven\maven-repository\org\springframework\security\spring-security-crypto\5.0.11.RELEASE\spring-security-crypto-5.0.11.RELEASE.jar;D:\maven\maven-repository\org\springframework\security\spring-security-web\5.0.11.RELEASE\spring-security-web-5.0.11.RELEASE.jar;D:\maven\maven-repository\org\flowable\flowable-bpmn-model\6.4.1\flowable-bpmn-model-6.4.1.jar;D:\maven\maven-repository\org\flowable\flowable-bpmn-converter\6.4.1\flowable-bpmn-converter-6.4.1.jar;D:\maven\maven-repository\org\flowable\flowable-json-converter\6.4.1\flowable-json-converter-6.4.1.jar;D:\maven\maven-repository\org\flowable\flowable-bpmn-layout\6.4.1\flowable-bpmn-layout-6.4.1.jar;D:\maven\maven-repository\org\tinyjee\jgraphx\jgraphx\1.10.4.1\jgraphx-1.10.4.1.jar;D:\maven\maven-repository\org\flowable\flowable-process-validation\6.4.1\flowable-process-validation-6.4.1.jar;D:\maven\maven-repository\org\flowable\flowable-form-model\6.4.1\flowable-form-model-6.4.1.jar;D:\maven\maven-repository\org\flowable\flowable-dmn-model\6.4.1\flowable-dmn-model-6.4.1.jar;D:\maven\maven-repository\org\flowable\flowable-idm-api\6.4.1\flowable-idm-api-6.4.1.jar;D:\maven\maven-repository\org\slf4j\slf4j-api\1.7.25\slf4j-api-1.7.25.jar;D:\maven\maven-repository\com\fasterxml\jackson\core\jackson-core\2.9.8\jackson-core-2.9.8.jar;D:\maven\maven-repository\com\fasterxml\jackson\core\jackson-databind\2.9.8\jackson-databind-2.9.8.jar;D:\maven\maven-repository\com\fasterxml\jackson\core\jackson-annotations\2.9.0\jackson-annotations-2.9.0.jar;D:\maven\maven-repository\com\fasterxml\jackson\datatype\jackson-datatype-json-org\2.9.8\jackson-datatype-json-org-2.9.8.jar;D:\maven\maven-repository\org\json\json\20171018\json-20171018.jar;D:\maven\maven-repository\com\fasterxml\jackson\datatype\jackson-datatype-hppc\2.9.8\jackson-datatype-hppc-2.9.8.jar;D:\maven\maven-repository\com\carrotsearch\hppc\0.7.1\hppc-0.7.1.jar;D:\maven\maven-repository\com\fasterxml\jackson\datatype\jackson-datatype-joda\2.9.8\jackson-datatype-joda-2.9.8.jar;D:\maven\maven-repository\commons-io\commons-io\2.6\commons-io-2.6.jar;D:\maven\maven-repository\org\apache\commons\commons-lang3\3.7\commons-lang3-3.7.jar;D:\maven\maven-repository\com\google\guava\guava\27.0.1-jre\guava-27.0.1-jre.jar;D:\maven\maven-repository\com\google\guava\failureaccess\1.0.1\failureaccess-1.0.1.jar;D:\maven\maven-repository\com\google\guava\listenablefuture\9999.0-empty-to-avoid-conflict-with-guava\listenablefuture-9999.0-empty-to-avoid-conflict-with-guava.jar;D:\maven\maven-repository\com\google\code\findbugs\jsr305\3.0.2\jsr305-3.0.2.jar;D:\maven\maven-repository\org\checkerframework\checker-qual\2.5.2\checker-qual-2.5.2.jar;D:\maven\maven-repository\com\google\errorprone\error_prone_annotations\2.2.0\error_prone_annotations-2.2.0.jar;D:\maven\maven-repository\com\google\j2objc\j2objc-annotations\1.1\j2objc-annotations-1.1.jar;D:\maven\maven-repository\org\codehaus\mojo\animal-sniffer-annotations\1.17\animal-sniffer-annotations-1.17.jar;D:\maven\maven-repository\org\apache\httpcomponents\httpclient\4.5.6\httpclient-4.5.6.jar;D:\maven\maven-repository\org\apache\httpcomponents\httpcore\4.4.10\httpcore-4.4.10.jar;D:\maven\maven-repository\joda-time\joda-time\2.9.9\joda-time-2.9.9.jar;D:\maven\maven-repository\org\liquibase\liquibase-core\3.5.5\liquibase-core-3.5.5.jar;D:\maven\maven-repository\org\yaml\snakeyaml\1.19\snakeyaml-1.19.jar;D:\maven\maven-repository\org\apache\poi\poi\3.17\poi-3.17.jar;D:\maven\maven-repository\commons-codec\commons-codec\1.11\commons-codec-1.11.jar;D:\maven\maven-repository\org\apache\commons\commons-collections4\4.1\commons-collections4-4.1.jar;D:\maven\maven-repository\org\apache\poi\poi-ooxml\3.17\poi-ooxml-3.17.jar;D:\maven\maven-repository\com\github\virtuald\curvesapi\1.04\curvesapi-1.04.jar;D:\maven\maven-repository\org\apache\poi\poi-ooxml-schemas\3.17\poi-ooxml-schemas-3.17.jar;D:\maven\maven-repository\org\apache\xmlbeans\xmlbeans\2.6.0\xmlbeans-2.6.0.jar;D:\maven\maven-repository\stax\stax-api\1.0.1\stax-api-1.0.1.jar;D:\maven\maven-repository\org\apache\poi\poi-scratchpad\3.17\poi-scratchpad-3.17.jar;"/>
    <property name="sun.cpu.endian" value="little"/>
    <property name="user.home" value="C:\Users\Administrator"/>
    <property name="user.language" value="zh"/>
    <property name="java.specification.vendor" value="Oracle Corporation"/>
    <property name="java.home" value="C:\Program Files\Java\jdk1.8.0_131\jre"/>
    <property name="basedir" value="F:\homework\actFerp-master\admin"/>
    <property name="file.separator" value="\"/>
    <property name="line.separator" value="&#10;"/>
    <property name="java.vm.specification.vendor" value="Oracle Corporation"/>
    <property name="java.specification.name" value="Java Platform API Specification"/>
    <property name="java.awt.graphicsenv" value="sun.awt.Win32GraphicsEnvironment"/>
    <property name="surefire.real.class.path" value="C:\Users\ADMINI~1\AppData\Local\Temp\surefire5830804634671310168\surefirebooter3964981106798467418.jar"/>
    <property name="sun.boot.class.path" value="C:\Program Files\Java\jdk1.8.0_131\jre\lib\resources.jar;C:\Program Files\Java\jdk1.8.0_131\jre\lib\rt.jar;C:\Program Files\Java\jdk1.8.0_131\jre\lib\sunrsasign.jar;C:\Program Files\Java\jdk1.8.0_131\jre\lib\jsse.jar;C:\Program Files\Java\jdk1.8.0_131\jre\lib\jce.jar;C:\Program Files\Java\jdk1.8.0_131\jre\lib\charsets.jar;C:\Program Files\Java\jdk1.8.0_131\jre\lib\jfr.jar;C:\Program Files\Java\jdk1.8.0_131\jre\classes"/>
    <property name="user.script" value=""/>
    <property name="sun.management.compiler" value="HotSpot 64-Bit Tiered Compilers"/>
    <property name="java.runtime.version" value="1.8.0_131-b11"/>
    <property name="user.name" value="Administrator"/>
    <property name="path.separator" value=";"/>
    <property name="os.version" value="10.0"/>
    <property name="java.endorsed.dirs" value="C:\Program Files\Java\jdk1.8.0_131\jre\lib\endorsed"/>
    <property name="java.runtime.name" value="Java(TM) SE Runtime Environment"/>
    <property name="file.encoding" value="GBK"/>
    <property name="java.vm.name" value="Java HotSpot(TM) 64-Bit Server VM"/>
    <property name="localRepository" value="D:\maven\maven-repository"/>
    <property name="java.vendor.url.bug" value="http://bugreport.sun.com/bugreport/"/>
    <property name="java.io.tmpdir" value="C:\Users\ADMINI~1\AppData\Local\Temp\"/>
    <property name="java.version" value="1.8.0_131"/>
    <property name="user.dir" value="F:\homework\actFerp-master\admin"/>
    <property name="os.arch" value="amd64"/>
    <property name="java.vm.specification.name" value="Java Virtual Machine Specification"/>
    <property name="java.awt.printerjob" value="sun.awt.windows.WPrinterJob"/>
    <property name="idea.version2019.3.1" value="true"/>
    <property name="sun.os.patch.level" value=""/>
    <property name="java.library.path" value="C:\Program Files\Java\jdk1.8.0_131\jre\bin;C:\Windows\Sun\Java\bin;C:\Windows\system32;C:\Windows;C:\Program Files\Java\jdk1.8.0_131\bin;C:\Windows\system32;C:\Windows;C:\Windows\System32\Wbem;C:\Windows\System32\WindowsPowerShell\v1.0\;C:\Windows\System32\OpenSSH\;D:\maven\apache-maven-3.6.2\bin;D:\tomcat\tomcat\apache-tomcat-7.0.96\bin;D:\tomcat\tomcat\apache-tomcat-7.0.96\lib;C:\Program Files (x86)\MySQL\MySQL Server 5.5\bin;C:\Program Files\MySQL\MySQL Server 5.5\bin;C:\Users\Administrator\AppData\Local\Microsoft\WindowsApps;C:\Users\Administrator\AppData\Local\GitHubDesktop\bin;D:\vscode\Microsoft VS Code\bin;."/>
    <property name="java.vm.info" value="mixed mode"/>
    <property name="java.vendor" value="Oracle Corporation"/>
    <property name="java.vm.version" value="25.131-b11"/>
    <property name="java.ext.dirs" value="C:\Program Files\Java\jdk1.8.0_131\jre\lib\ext;C:\Windows\Sun\Java\lib\ext"/>
    <property name="sun.io.unicode.encoding" value="UnicodeLittle"/>
    <property name="maven.repo.local" value="D:\maven\maven-repository"/>
    <property name="java.class.version" value="52.0"/>
  </properties>
  <testcase name="contextLoads" classname="cn.hups.HupsApplicationTests" time="0.247"/>
</testsuite>